# JRE version: OpenJDK Runtime Environment (8.0_322-b06) (build 1.8.0_322-b06)
# Java VM: OpenJDK 64-Bit Server VM (25.322-b06 mixed mode windows-amd64 compressed oops)
Heap:
 PSYoungGen      total 585728K, used 317413K [0x00000000d5580000, 0x0000000100000000, 0x0000000100000000)
  eden space 480768K, 44% used [0x00000000d5580000,0x00000000e252ec80,0x00000000f2b00000)
  from space 104960K, 99% used [0x00000000f2b00000,0x00000000f914aa58,0x00000000f9180000)
  to   space 113152K, 0% used [0x00000000f9180000,0x00000000f9180000,0x0000000100000000)
 ParOldGen       total 317440K, used 215537K [0x0000000080000000, 0x0000000093600000, 0x00000000d5580000)
  object space 317440K, 67% used [0x0000000080000000,0x000000008d27c780,0x0000000093600000)
 Metaspace       used 135578K, capacity 143558K, committed 143744K, reserved 1173504K
  class space    used 17292K, capacity 18984K, committed 19072K, reserved 1048576K
GC Heap History (10 events):
Event: 1142.237 GC heap before
{Heap before GC invocations=50 (full 5):
 PSYoungGen      total 582656K, used 576014K [0x00000000d5580000, 0x0000000100000000, 0x0000000100000000)
  eden space 493056K, 100% used [0x00000000d5580000,0x00000000f3700000,0x00000000f3700000)
  from space 89600K, 92% used [0x00000000fa880000,0x00000000ff983988,0x0000000100000000)
  to   space 102912K, 0% used [0x00000000f3700000,0x00000000f3700000,0x00000000f9b80000)
 ParOldGen       total 317440K, used 215497K [0x0000000080000000, 0x0000000093600000, 0x00000000d5580000)
  object space 317440K, 67% used [0x0000000080000000,0x000000008d272780,0x0000000093600000)
 Metaspace       used 132840K, capacity 140480K, committed 140800K, reserved 1171456K
  class space    used 17008K, capacity 18573K, committed 18688K, reserved 1048576K
Event: 1142.317 GC heap after
Heap after GC invocations=50 (full 5):
 PSYoungGen      total 595968K, used 18331K [0x00000000d5580000, 0x0000000100000000, 0x0000000100000000)
  eden space 493056K, 0% used [0x00000000d5580000,0x00000000d5580000,0x00000000f3700000)
  from space 102912K, 17% used [0x00000000f3700000,0x00000000f48e6e58,0x00000000f9b80000)
  to   space 99328K, 0% used [0x00000000f9f00000,0x00000000f9f00000,0x0000000100000000)
 ParOldGen       total 317440K, used 215505K [0x0000000080000000, 0x0000000093600000, 0x00000000d5580000)
  object space 317440K, 67% used [0x0000000080000000,0x000000008d274780,0x0000000093600000)
 Metaspace       used 132840K, capacity 140480K, committed 140800K, reserved 1171456K
  class space    used 17008K, capacity 18573K, committed 18688K, reserved 1048576K
}
Event: 1191.857 GC heap before
{Heap before GC invocations=51 (full 5):
 PSYoungGen      total 595968K, used 511387K [0x00000000d5580000, 0x0000000100000000, 0x0000000100000000)
  eden space 493056K, 100% used [0x00000000d5580000,0x00000000f3700000,0x00000000f3700000)
  from space 102912K, 17% used [0x00000000f3700000,0x00000000f48e6e58,0x00000000f9b80000)
  to   space 99328K, 0% used [0x00000000f9f00000,0x00000000f9f00000,0x0000000100000000)
 ParOldGen       total 317440K, used 215505K [0x0000000080000000, 0x0000000093600000, 0x00000000d5580000)
  object space 317440K, 67% used [0x0000000080000000,0x000000008d274780,0x0000000093600000)
 Metaspace       used 135081K, capacity 142926K, committed 143104K, reserved 1173504K
  class space    used 17270K, capacity 18932K, committed 18944K, reserved 1048576K
Event: 1191.982 GC heap after
Heap after GC invocations=51 (full 5):
 PSYoungGen      total 595456K, used 56753K [0x00000000d5580000, 0x00000000fff80000, 0x0000000100000000)
  eden space 496640K, 0% used [0x00000000d5580000,0x00000000d5580000,0x00000000f3a80000)
  from space 98816K, 57% used [0x00000000f9f00000,0x00000000fd66c6c0,0x00000000fff80000)
  to   space 100864K, 0% used [0x00000000f3a80000,0x00000000f3a80000,0x00000000f9d00000)
 ParOldGen       total 317440K, used 215513K [0x0000000080000000, 0x0000000093600000, 0x00000000d5580000)
  object space 317440K, 67% used [0x0000000080000000,0x000000008d276780,0x0000000093600000)
 Metaspace       used 135081K, capacity 142926K, committed 143104K, reserved 1173504K
  class space    used 17270K, capacity 18932K, committed 18944K, reserved 1048576K
}
Event: 1197.420 GC heap before
{Heap before GC invocations=52 (full 5):
 PSYoungGen      total 595456K, used 553393K [0x00000000d5580000, 0x00000000fff80000, 0x0000000100000000)
  eden space 496640K, 100% used [0x00000000d5580000,0x00000000f3a80000,0x00000000f3a80000)
  from space 98816K, 57% used [0x00000000f9f00000,0x00000000fd66c6c0,0x00000000fff80000)
  to   space 100864K, 0% used [0x00000000f3a80000,0x00000000f3a80000,0x00000000f9d00000)
 ParOldGen       total 317440K, used 215513K [0x0000000080000000, 0x0000000093600000, 0x00000000d5580000)
  object space 317440K, 67% used [0x0000000080000000,0x000000008d276780,0x0000000093600000)
 Metaspace       used 135290K, capacity 143202K, committed 143360K, reserved 1173504K
  class space    used 17277K, capacity 18942K, committed 18944K, reserved 1048576K
Event: 1197.935 GC heap after
Heap after GC invocations=52 (full 5):
 PSYoungGen      total 562176K, used 65437K [0x00000000d5580000, 0x0000000100000000, 0x0000000100000000)
  eden space 496640K, 0% used [0x00000000d5580000,0x00000000d5580000,0x00000000f3a80000)
  from space 65536K, 99% used [0x00000000f3a80000,0x00000000f7a676b0,0x00000000f7a80000)
  to   space 104960K, 0% used [0x00000000f9980000,0x00000000f9980000,0x0000000100000000)
 ParOldGen       total 317440K, used 215521K [0x0000000080000000, 0x0000000093600000, 0x00000000d5580000)
  object space 317440K, 67% used [0x0000000080000000,0x000000008d278780,0x0000000093600000)
 Metaspace       used 135290K, capacity 143202K, committed 143360K, reserved 1173504K
  class space    used 17277K, capacity 18942K, committed 18944K, reserved 1048576K
}
Event: 1217.478 GC heap before
{Heap before GC invocations=53 (full 5):
 PSYoungGen      total 562176K, used 562077K [0x00000000d5580000, 0x0000000100000000, 0x0000000100000000)
  eden space 496640K, 100% used [0x00000000d5580000,0x00000000f3a80000,0x00000000f3a80000)
  from space 65536K, 99% used [0x00000000f3a80000,0x00000000f7a676b0,0x00000000f7a80000)
  to   space 104960K, 0% used [0x00000000f9980000,0x00000000f9980000,0x0000000100000000)
 ParOldGen       total 317440K, used 215521K [0x0000000080000000, 0x0000000093600000, 0x00000000d5580000)
  object space 317440K, 67% used [0x0000000080000000,0x000000008d278780,0x0000000093600000)
 Metaspace       used 135530K, capacity 143418K, committed 143744K, reserved 1173504K
  class space    used 17292K, capacity 18984K, committed 19072K, reserved 1048576K
Event: 1217.996 GC heap after
Heap after GC invocations=53 (full 5):
 PSYoungGen      total 585728K, used 68460K [0x00000000d5580000, 0x0000000100000000, 0x0000000100000000)
  eden space 480768K, 0% used [0x00000000d5580000,0x00000000d5580000,0x00000000f2b00000)
  from space 104960K, 65% used [0x00000000f9980000,0x00000000fdc5b2a8,0x0000000100000000)
  to   space 109056K, 0% used [0x00000000f2b00000,0x00000000f2b00000,0x00000000f9580000)
 ParOldGen       total 317440K, used 215529K [0x0000000080000000, 0x0000000093600000, 0x00000000d5580000)
  object space 317440K, 67% used [0x0000000080000000,0x000000008d27a780,0x0000000093600000)
 Metaspace       used 135530K, capacity 143418K, committed 143744K, reserved 1173504K
  class space    used 17292K, capacity 18984K, committed 19072K, reserved 1048576K
}
Event: 1219.417 GC heap before
{Heap before GC invocations=54 (full 5):
 PSYoungGen      total 585728K, used 549228K [0x00000000d5580000, 0x0000000100000000, 0x0000000100000000)
  eden space 480768K, 100% used [0x00000000d5580000,0x00000000f2b00000,0x00000000f2b00000)
  from space 104960K, 65% used [0x00000000f9980000,0x00000000fdc5b2a8,0x0000000100000000)
  to   space 109056K, 0% used [0x00000000f2b00000,0x00000000f2b00000,0x00000000f9580000)
 ParOldGen       total 317440K, used 215529K [0x0000000080000000, 0x0000000093600000, 0x00000000d5580000)
  object space 317440K, 67% used [0x0000000080000000,0x000000008d27a780,0x0000000093600000)
 Metaspace       used 135567K, capacity 143558K, committed 143744K, reserved 1173504K
  class space    used 17292K, capacity 18984K, committed 19072K, reserved 1048576K
Event: 1220.108 GC heap after
Heap after GC invocations=54 (full 5):
 PSYoungGen      total 585728K, used 104746K [0x00000000d5580000, 0x0000000100000000, 0x0000000100000000)
  eden space 480768K, 0% used [0x00000000d5580000,0x00000000d5580000,0x00000000f2b00000)
  from space 104960K, 99% used [0x00000000f2b00000,0x00000000f914aa58,0x00000000f9180000)
  to   space 113152K, 0% used [0x00000000f9180000,0x00000000f9180000,0x0000000100000000)
 ParOldGen       total 317440K, used 215537K [0x0000000080000000, 0x0000000093600000, 0x00000000d5580000)
  object space 317440K, 67% used [0x0000000080000000,0x000000008d27c780,0x0000000093600000)
 Metaspace       used 135567K, capacity 143558K, committed 143744K, reserved 1173504K
  class space    used 17292K, capacity 18984K, committed 19072K, reserved 1048576K
}

