# JRE version: OpenJDK Runtime Environment (8.0_322-b06) (build 1.8.0_322-b06)
# Java VM: OpenJDK 64-Bit Server VM (25.322-b06 mixed mode windows-amd64 compressed oops)
Heap:
 PSYoungGen      total 450048K, used 60509K [0x00000000d5580000, 0x00000000f7700000, 0x0000000100000000)
  eden space 412672K, 11% used [0x00000000d5580000,0x00000000d853e718,0x00000000ee880000)
  from space 37376K, 31% used [0x00000000f1380000,0x00000000f1ed8eb0,0x00000000f3800000)
  to   space 44032K, 0% used [0x00000000ee880000,0x00000000ee880000,0x00000000f1380000)
 ParOldGen       total 236032K, used 139440K [0x0000000080000000, 0x000000008e680000, 0x00000000d5580000)
  object space 236032K, 59% used [0x0000000080000000,0x000000008882c070,0x000000008e680000)
 Metaspace       used 92034K, capacity 96674K, committed 98560K, reserved 1134592K
  class space    used 12586K, capacity 13522K, committed 14080K, reserved 1048576K
GC Heap History (10 events):
Event: 39.077 GC heap before
{Heap before GC invocations=24 (full 4):
 PSYoungGen      total 456704K, used 410114K [0x00000000d5580000, 0x00000000f5980000, 0x0000000100000000)
  eden space 403456K, 100% used [0x00000000d5580000,0x00000000edf80000,0x00000000edf80000)
  from space 53248K, 12% used [0x00000000edf80000,0x00000000ee600a28,0x00000000f1380000)
  to   space 37376K, 0% used [0x00000000f1380000,0x00000000f1380000,0x00000000f3800000)
 ParOldGen       total 236032K, used 123376K [0x0000000080000000, 0x000000008e680000, 0x00000000d5580000)
  object space 236032K, 52% used [0x0000000080000000,0x000000008787c3c0,0x000000008e680000)
 Metaspace       used 91712K, capacity 96370K, committed 98304K, reserved 1134592K
  class space    used 12574K, capacity 13516K, committed 14080K, reserved 1048576K
Event: 39.104 GC heap after
Heap after GC invocations=24 (full 4):
 PSYoungGen      total 440832K, used 7776K [0x00000000d5580000, 0x00000000f5980000, 0x0000000100000000)
  eden space 403456K, 0% used [0x00000000d5580000,0x00000000d5580000,0x00000000edf80000)
  from space 37376K, 20% used [0x00000000f1380000,0x00000000f1b18010,0x00000000f3800000)
  to   space 53248K, 0% used [0x00000000edf80000,0x00000000edf80000,0x00000000f1380000)
 ParOldGen       total 236032K, used 129229K [0x0000000080000000, 0x000000008e680000, 0x00000000d5580000)
  object space 236032K, 54% used [0x0000000080000000,0x0000000087e33570,0x000000008e680000)
 Metaspace       used 91712K, capacity 96370K, committed 98304K, reserved 1134592K
  class space    used 12574K, capacity 13516K, committed 14080K, reserved 1048576K
}
Event: 40.128 GC heap before
{Heap before GC invocations=25 (full 4):
 PSYoungGen      total 440832K, used 411232K [0x00000000d5580000, 0x00000000f5980000, 0x0000000100000000)
  eden space 403456K, 100% used [0x00000000d5580000,0x00000000edf80000,0x00000000edf80000)
  from space 37376K, 20% used [0x00000000f1380000,0x00000000f1b18010,0x00000000f3800000)
  to   space 53248K, 0% used [0x00000000edf80000,0x00000000edf80000,0x00000000f1380000)
 ParOldGen       total 236032K, used 129229K [0x0000000080000000, 0x000000008e680000, 0x00000000d5580000)
  object space 236032K, 54% used [0x0000000080000000,0x0000000087e33570,0x000000008e680000)
 Metaspace       used 91743K, capacity 96378K, committed 98304K, reserved 1134592K
  class space    used 12579K, capacity 13518K, committed 14080K, reserved 1048576K
Event: 40.150 GC heap after
Heap after GC invocations=25 (full 4):
 PSYoungGen      total 456704K, used 4096K [0x00000000d5580000, 0x00000000f5980000, 0x0000000100000000)
  eden space 403456K, 0% used [0x00000000d5580000,0x00000000d5580000,0x00000000edf80000)
  from space 53248K, 7% used [0x00000000edf80000,0x00000000ee380000,0x00000000f1380000)
  to   space 37376K, 0% used [0x00000000f1380000,0x00000000f1380000,0x00000000f3800000)
 ParOldGen       total 236032K, used 136144K [0x0000000080000000, 0x000000008e680000, 0x00000000d5580000)
  object space 236032K, 57% used [0x0000000080000000,0x00000000884f41a0,0x000000008e680000)
 Metaspace       used 91743K, capacity 96378K, committed 98304K, reserved 1134592K
  class space    used 12579K, capacity 13518K, committed 14080K, reserved 1048576K
}
Event: 41.135 GC heap before
{Heap before GC invocations=26 (full 4):
 PSYoungGen      total 456704K, used 407552K [0x00000000d5580000, 0x00000000f5980000, 0x0000000100000000)
  eden space 403456K, 100% used [0x00000000d5580000,0x00000000edf80000,0x00000000edf80000)
  from space 53248K, 7% used [0x00000000edf80000,0x00000000ee380000,0x00000000f1380000)
  to   space 37376K, 0% used [0x00000000f1380000,0x00000000f1380000,0x00000000f3800000)
 ParOldGen       total 236032K, used 136144K [0x0000000080000000, 0x000000008e680000, 0x00000000d5580000)
  object space 236032K, 57% used [0x0000000080000000,0x00000000884f41a0,0x000000008e680000)
 Metaspace       used 91759K, capacity 96442K, committed 98304K, reserved 1134592K
  class space    used 12579K, capacity 13518K, committed 14080K, reserved 1048576K
Event: 41.152 GC heap after
Heap after GC invocations=26 (full 4):
 PSYoungGen      total 440832K, used 3104K [0x00000000d5580000, 0x00000000f5980000, 0x0000000100000000)
  eden space 403456K, 0% used [0x00000000d5580000,0x00000000d5580000,0x00000000edf80000)
  from space 37376K, 8% used [0x00000000f1380000,0x00000000f1688000,0x00000000f3800000)
  to   space 53248K, 0% used [0x00000000edf80000,0x00000000edf80000,0x00000000f1380000)
 ParOldGen       total 236032K, used 139440K [0x0000000080000000, 0x000000008e680000, 0x00000000d5580000)
  object space 236032K, 59% used [0x0000000080000000,0x000000008882c070,0x000000008e680000)
 Metaspace       used 91759K, capacity 96442K, committed 98304K, reserved 1134592K
  class space    used 12579K, capacity 13518K, committed 14080K, reserved 1048576K
}
Event: 42.259 GC heap before
{Heap before GC invocations=27 (full 4):
 PSYoungGen      total 440832K, used 406560K [0x00000000d5580000, 0x00000000f5980000, 0x0000000100000000)
  eden space 403456K, 100% used [0x00000000d5580000,0x00000000edf80000,0x00000000edf80000)
  from space 37376K, 8% used [0x00000000f1380000,0x00000000f1688000,0x00000000f3800000)
  to   space 53248K, 0% used [0x00000000edf80000,0x00000000edf80000,0x00000000f1380000)
 ParOldGen       total 236032K, used 139440K [0x0000000080000000, 0x000000008e680000, 0x00000000d5580000)
  object space 236032K, 59% used [0x0000000080000000,0x000000008882c070,0x000000008e680000)
 Metaspace       used 91765K, capacity 96442K, committed 98304K, reserved 1134592K
  class space    used 12579K, capacity 13518K, committed 14080K, reserved 1048576K
Event: 42.278 GC heap after
Heap after GC invocations=27 (full 4):
 PSYoungGen      total 456704K, used 9920K [0x00000000d5580000, 0x00000000f5980000, 0x0000000100000000)
  eden space 403456K, 0% used [0x00000000d5580000,0x00000000d5580000,0x00000000edf80000)
  from space 53248K, 18% used [0x00000000edf80000,0x00000000ee930000,0x00000000f1380000)
  to   space 37376K, 0% used [0x00000000f1380000,0x00000000f1380000,0x00000000f3800000)
 ParOldGen       total 236032K, used 139440K [0x0000000080000000, 0x000000008e680000, 0x00000000d5580000)
  object space 236032K, 59% used [0x0000000080000000,0x000000008882c070,0x000000008e680000)
 Metaspace       used 91765K, capacity 96442K, committed 98304K, reserved 1134592K
  class space    used 12579K, capacity 13518K, committed 14080K, reserved 1048576K
}
Event: 44.075 GC heap before
{Heap before GC invocations=28 (full 4):
 PSYoungGen      total 456704K, used 413376K [0x00000000d5580000, 0x00000000f5980000, 0x0000000100000000)
  eden space 403456K, 100% used [0x00000000d5580000,0x00000000edf80000,0x00000000edf80000)
  from space 53248K, 18% used [0x00000000edf80000,0x00000000ee930000,0x00000000f1380000)
  to   space 37376K, 0% used [0x00000000f1380000,0x00000000f1380000,0x00000000f3800000)
 ParOldGen       total 236032K, used 139440K [0x0000000080000000, 0x000000008e680000, 0x00000000d5580000)
  object space 236032K, 59% used [0x0000000080000000,0x000000008882c070,0x000000008e680000)
 Metaspace       used 92034K, capacity 96674K, committed 98560K, reserved 1134592K
  class space    used 12586K, capacity 13522K, committed 14080K, reserved 1048576K
Event: 44.102 GC heap after
Heap after GC invocations=28 (full 4):
 PSYoungGen      total 450048K, used 11619K [0x00000000d5580000, 0x00000000f7700000, 0x0000000100000000)
  eden space 412672K, 0% used [0x00000000d5580000,0x00000000d5580000,0x00000000ee880000)
  from space 37376K, 31% used [0x00000000f1380000,0x00000000f1ed8eb0,0x00000000f3800000)
  to   space 44032K, 0% used [0x00000000ee880000,0x00000000ee880000,0x00000000f1380000)
 ParOldGen       total 236032K, used 139440K [0x0000000080000000, 0x000000008e680000, 0x00000000d5580000)
  object space 236032K, 59% used [0x0000000080000000,0x000000008882c070,0x000000008e680000)
 Metaspace       used 92034K, capacity 96674K, committed 98560K, reserved 1134592K
  class space    used 12586K, capacity 13522K, committed 14080K, reserved 1048576K
}

