# JRE version: OpenJDK Runtime Environment (8.0_322-b06) (build 1.8.0_322-b06)
# Java VM: OpenJDK 64-Bit Server VM (25.322-b06 mixed mode windows-amd64 compressed oops)
Heap:
 PSYoungGen      total 578560K, used 167717K [0x00000000d5580000, 0x0000000100000000, 0x0000000100000000)
  eden space 504320K, 26% used [0x00000000d5580000,0x00000000dd9952f8,0x00000000f4200000)
  from space 74240K, 43% used [0x00000000fb780000,0x00000000fd734420,0x0000000100000000)
  to   space 97280K, 0% used [0x00000000f4200000,0x00000000f4200000,0x00000000fa100000)
 ParOldGen       total 470528K, used 235842K [0x0000000080000000, 0x000000009cb80000, 0x00000000d5580000)
  object space 470528K, 50% used [0x0000000080000000,0x000000008e650a18,0x000000009cb80000)
 Metaspace       used 138520K, capacity 147058K, committed 147240K, reserved 1177600K
  class space    used 17494K, capacity 19109K, committed 19240K, reserved 1048576K
GC Heap History (10 events):
Event: 2521.387 GC heap before
{Heap before GC invocations=98 (full 9):
 PSYoungGen      total 625664K, used 557984K [0x00000000d5580000, 0x0000000100000000, 0x0000000100000000)
  eden space 554496K, 100% used [0x00000000d5580000,0x00000000f7300000,0x00000000f7300000)
  from space 71168K, 4% used [0x00000000fba80000,0x00000000fbde8000,0x0000000100000000)
  to   space 72192K, 0% used [0x00000000f7300000,0x00000000f7300000,0x00000000fb980000)
 ParOldGen       total 411136K, used 328710K [0x0000000080000000, 0x0000000099180000, 0x00000000d5580000)
  object space 411136K, 79% used [0x0000000080000000,0x0000000094101b80,0x0000000099180000)
 Metaspace       used 135706K, capacity 143592K, committed 144808K, reserved 1175552K
  class space    used 17153K, capacity 18651K, committed 19112K, reserved 1048576K
Event: 2521.602 GC heap after
Heap after GC invocations=98 (full 9):
 PSYoungGen      total 574464K, used 19688K [0x00000000d5580000, 0x00000000ffb00000, 0x0000000100000000)
  eden space 554496K, 0% used [0x00000000d5580000,0x00000000d5580000,0x00000000f7300000)
  from space 19968K, 98% used [0x00000000f7300000,0x00000000f863a110,0x00000000f8680000)
  to   space 69120K, 0% used [0x00000000fb780000,0x00000000fb780000,0x00000000ffb00000)
 ParOldGen       total 411136K, used 329305K [0x0000000080000000, 0x0000000099180000, 0x00000000d5580000)
  object space 411136K, 80% used [0x0000000080000000,0x0000000094196770,0x0000000099180000)
 Metaspace       used 135706K, capacity 143592K, committed 144808K, reserved 1175552K
  class space    used 17153K, capacity 18651K, committed 19112K, reserved 1048576K
}
Event: 2538.060 GC heap before
{Heap before GC invocations=99 (full 9):
 PSYoungGen      total 574464K, used 574184K [0x00000000d5580000, 0x00000000ffb00000, 0x0000000100000000)
  eden space 554496K, 100% used [0x00000000d5580000,0x00000000f7300000,0x00000000f7300000)
  from space 19968K, 98% used [0x00000000f7300000,0x00000000f863a110,0x00000000f8680000)
  to   space 69120K, 0% used [0x00000000fb780000,0x00000000fb780000,0x00000000ffb00000)
 ParOldGen       total 411136K, used 329305K [0x0000000080000000, 0x0000000099180000, 0x00000000d5580000)
  object space 411136K, 80% used [0x0000000080000000,0x0000000094196770,0x0000000099180000)
 Metaspace       used 135916K, capacity 143858K, committed 144808K, reserved 1175552K
  class space    used 17159K, capacity 18660K, committed 19112K, reserved 1048576K
Event: 2538.228 GC heap after
Heap after GC invocations=99 (full 9):
 PSYoungGen      total 627712K, used 30924K [0x00000000d5580000, 0x0000000100000000, 0x0000000100000000)
  eden space 558592K, 0% used [0x00000000d5580000,0x00000000d5580000,0x00000000f7700000)
  from space 69120K, 44% used [0x00000000fb780000,0x00000000fd5b3088,0x00000000ffb00000)
  to   space 66048K, 0% used [0x00000000f7700000,0x00000000f7700000,0x00000000fb780000)
 ParOldGen       total 411136K, used 329313K [0x0000000080000000, 0x0000000099180000, 0x00000000d5580000)
  object space 411136K, 80% used [0x0000000080000000,0x0000000094198770,0x0000000099180000)
 Metaspace       used 135916K, capacity 143858K, committed 144808K, reserved 1175552K
  class space    used 17159K, capacity 18660K, committed 19112K, reserved 1048576K
}
Event: 2541.675 GC heap before
{Heap before GC invocations=100 (full 9):
 PSYoungGen      total 627712K, used 589516K [0x00000000d5580000, 0x0000000100000000, 0x0000000100000000)
  eden space 558592K, 100% used [0x00000000d5580000,0x00000000f7700000,0x00000000f7700000)
  from space 69120K, 44% used [0x00000000fb780000,0x00000000fd5b3088,0x00000000ffb00000)
  to   space 66048K, 0% used [0x00000000f7700000,0x00000000f7700000,0x00000000fb780000)
 ParOldGen       total 411136K, used 329313K [0x0000000080000000, 0x0000000099180000, 0x00000000d5580000)
  object space 411136K, 80% used [0x0000000080000000,0x0000000094198770,0x0000000099180000)
 Metaspace       used 136107K, capacity 144172K, committed 144808K, reserved 1175552K
  class space    used 17177K, capacity 18701K, committed 19112K, reserved 1048576K
Event: 2542.000 GC heap after
Heap after GC invocations=100 (full 9):
 PSYoungGen      total 624640K, used 66042K [0x00000000d5580000, 0x0000000100000000, 0x0000000100000000)
  eden space 558592K, 0% used [0x00000000d5580000,0x00000000d5580000,0x00000000f7700000)
  from space 66048K, 99% used [0x00000000f7700000,0x00000000fb77e900,0x00000000fb780000)
  to   space 74240K, 0% used [0x00000000fb780000,0x00000000fb780000,0x0000000100000000)
 ParOldGen       total 411136K, used 398972K [0x0000000080000000, 0x0000000099180000, 0x00000000d5580000)
  object space 411136K, 97% used [0x0000000080000000,0x000000009859f3d8,0x0000000099180000)
 Metaspace       used 136107K, capacity 144172K, committed 144808K, reserved 1175552K
  class space    used 17177K, capacity 18701K, committed 19112K, reserved 1048576K
}
Event: 2542.000 GC heap before
{Heap before GC invocations=101 (full 10):
 PSYoungGen      total 624640K, used 66042K [0x00000000d5580000, 0x0000000100000000, 0x0000000100000000)
  eden space 558592K, 0% used [0x00000000d5580000,0x00000000d5580000,0x00000000f7700000)
  from space 66048K, 99% used [0x00000000f7700000,0x00000000fb77e900,0x00000000fb780000)
  to   space 74240K, 0% used [0x00000000fb780000,0x00000000fb780000,0x0000000100000000)
 ParOldGen       total 411136K, used 398972K [0x0000000080000000, 0x0000000099180000, 0x00000000d5580000)
  object space 411136K, 97% used [0x0000000080000000,0x000000009859f3d8,0x0000000099180000)
 Metaspace       used 136107K, capacity 144172K, committed 144808K, reserved 1175552K
  class space    used 17177K, capacity 18701K, committed 19112K, reserved 1048576K
Event: 2545.770 GC heap after
Heap after GC invocations=101 (full 10):
 PSYoungGen      total 624640K, used 0K [0x00000000d5580000, 0x0000000100000000, 0x0000000100000000)
  eden space 558592K, 0% used [0x00000000d5580000,0x00000000d5580000,0x00000000f7700000)
  from space 66048K, 0% used [0x00000000f7700000,0x00000000f7700000,0x00000000fb780000)
  to   space 74240K, 0% used [0x00000000fb780000,0x00000000fb780000,0x0000000100000000)
 ParOldGen       total 470528K, used 235834K [0x0000000080000000, 0x000000009cb80000, 0x00000000d5580000)
  object space 470528K, 50% used [0x0000000080000000,0x000000008e64ea18,0x000000009cb80000)
 Metaspace       used 135874K, capacity 143728K, committed 144808K, reserved 1175552K
  class space    used 17133K, capacity 18607K, committed 19112K, reserved 1048576K
}
Event: 2842.709 GC heap before
{Heap before GC invocations=102 (full 10):
 PSYoungGen      total 624640K, used 558592K [0x00000000d5580000, 0x0000000100000000, 0x0000000100000000)
  eden space 558592K, 100% used [0x00000000d5580000,0x00000000f7700000,0x00000000f7700000)
  from space 66048K, 0% used [0x00000000f7700000,0x00000000f7700000,0x00000000fb780000)
  to   space 74240K, 0% used [0x00000000fb780000,0x00000000fb780000,0x0000000100000000)
 ParOldGen       total 470528K, used 235834K [0x0000000080000000, 0x000000009cb80000, 0x00000000d5580000)
  object space 470528K, 50% used [0x0000000080000000,0x000000008e64ea18,0x000000009cb80000)
 Metaspace       used 138506K, capacity 147058K, committed 147240K, reserved 1177600K
  class space    used 17491K, capacity 19109K, committed 19240K, reserved 1048576K
Event: 2843.485 GC heap after
Heap after GC invocations=102 (full 10):
 PSYoungGen      total 578560K, used 32465K [0x00000000d5580000, 0x0000000100000000, 0x0000000100000000)
  eden space 504320K, 0% used [0x00000000d5580000,0x00000000d5580000,0x00000000f4200000)
  from space 74240K, 43% used [0x00000000fb780000,0x00000000fd734420,0x0000000100000000)
  to   space 97280K, 0% used [0x00000000f4200000,0x00000000f4200000,0x00000000fa100000)
 ParOldGen       total 470528K, used 235842K [0x0000000080000000, 0x000000009cb80000, 0x00000000d5580000)
  object space 470528K, 50% used [0x0000000080000000,0x000000008e650a18,0x000000009cb80000)
 Metaspace       used 138506K, capacity 147058K, committed 147240K, reserved 1177600K
  class space    used 17491K, capacity 19109K, committed 19240K, reserved 1048576K
}

